<?xml version="1.0" encoding="UTF-8"?>
<testsuite xmlns:xsi="http://www.w3.org/2001/XMLSchema-instance" xsi:noNamespaceSchemaLocation="https://maven.apache.org/surefire/maven-surefire-plugin/xsd/surefire-test-report.xsd" version="3.0.2" name="com.iceexcel.server.service.CoreAlgorithmSmokeTest" time="0.445" tests="29" errors="0" skipped="0" failures="0">
  <properties>
[...]
</properties>
  <testcase name="transform_cellMergeVsCellMerge_overlappingReturnsNull" classname="com.iceexcel.server.service.CoreAlgorithmSmokeTest" time="0.038"/>
  <testcase name="transform_rowInsertVsRowInsert_tieBreakByUserId" classname="com.iceexcel.server.service.CoreAlgorithmSmokeTest" time="0.097"/>
  <testcase name="transform_fontAlignVsCellMerge_outside_noChange" classname="com.iceexcel.server.service.CoreAlgorithmSmokeTest" time="0.009"/>
  <testcase name="otServer_receiveOperation_incrementsRevision" classname="com.iceexcel.server.service.CoreAlgorithmSmokeTest" time="0.003"/>
  <testcase name="jsonContainsTypeField" classname="com.iceexcel.server.service.CoreAlgorithmSmokeTest" time="0.01"/>
  <testcase name="apply_cellMerge_setsSpanAndMergedFlag" classname="com.iceexcel.server.service.CoreAlgorithmSmokeTest" time="0.004"/>
  <testcase name="rowInsertOp_jsonRoundTrip" classname="com.iceexcel.server.service.CoreAlgorithmSmokeTest" time="0.01"/>
  <testcase name="transform_cellEditVsRowInsert_adjustsRow" classname="com.iceexcel.server.service.CoreAlgorithmSmokeTest" time="0.007"/>
  <testcase name="cellEditOp_jsonRoundTrip" classname="com.iceexcel.server.service.CoreAlgorithmSmokeTest" time="0.004"/>
  <testcase name="apply_cellSplit_withSpanFields_worksCorrectly" classname="com.iceexcel.server.service.CoreAlgorithmSmokeTest" time="0.001"/>
  <testcase name="transform_cellEditVsRowDelete_nullifiesDeletedRow" classname="com.iceexcel.server.service.CoreAlgorithmSmokeTest" time="0.005"/>
  <testcase name="transform_cellEditVsCellSplit_redirectsToTopLeft" classname="com.iceexcel.server.service.CoreAlgorithmSmokeTest" time="0.005"/>
  <testcase name="transform_cellMergeVsCellSplit_noOverlap_unchanged" classname="com.iceexcel.server.service.CoreAlgorithmSmokeTest" time="0.003"/>
  <testcase name="otServer_getOperationsSince_returnsCorrectSubset" classname="com.iceexcel.server.service.CoreAlgorithmSmokeTest" time="0.001"/>
  <testcase name="cellSplitOp_jsonRoundTrip_withSpan" classname="com.iceexcel.server.service.CoreAlgorithmSmokeTest" time="0.004"/>
  <testcase name="transform_cellMergeVsCellSplit_overlapping_returnsNull" classname="com.iceexcel.server.service.CoreAlgorithmSmokeTest" time="0.0"/>
  <testcase name="apply_cellEdit_updatesContent" classname="com.iceexcel.server.service.CoreAlgorithmSmokeTest" time="0.001"/>
  <testcase name="transformAgainst_multipleOps" classname="com.iceexcel.server.service.CoreAlgorithmSmokeTest" time="0.006"/>
  <testcase name="rowDeleteOp_jsonRoundTrip" classname="com.iceexcel.server.service.CoreAlgorithmSmokeTest" time="0.004"/>
  <testcase name="apply_rowInsert_increasesRowCount" classname="com.iceexcel.server.service.CoreAlgorithmSmokeTest" time="0.001"/>
  <testcase name="cellSplitOp_jsonRoundTrip_defaultSpan" classname="com.iceexcel.server.service.CoreAlgorithmSmokeTest" time="0.003"/>
  <testcase name="transform_cellEditVsCellSplit_outsideRange_noChange" classname="com.iceexcel.server.service.CoreAlgorithmSmokeTest" time="0.002"/>
  <testcase name="apply_rowDelete_decreasesRowCount" classname="com.iceexcel.server.service.CoreAlgorithmSmokeTest" time="0.001"/>
  <testcase name="otServer_receiveOperation_transformsStaleOp" classname="com.iceexcel.server.service.CoreAlgorithmSmokeTest" time="0.001"/>
  <testcase name="transform_cellSplitVsCellMerge_insideMerge_returnsNull" classname="com.iceexcel.server.service.CoreAlgorithmSmokeTest" time="0.001"/>
  <testcase name="transform_fontAlignVsCellMerge_redirectsToTopLeft" classname="com.iceexcel.server.service.CoreAlgorithmSmokeTest" time="0.001"/>
  <testcase name="cellMergeOp_jsonRoundTrip" classname="com.iceexcel.server.service.CoreAlgorithmSmokeTest" time="0.003"/>
  <testcase name="transform_fontColorVsCellSplit_redirectsToTopLeft" classname="com.iceexcel.server.service.CoreAlgorithmSmokeTest" time="0.004"/>
  <testcase name="transform_cellSplitVsCellSplit_samePosition_returnsNull" classname="com.iceexcel.server.service.CoreAlgorithmSmokeTest" time="0.0"/>
</testsuite>